<?xml version="1.0" encoding="UTF-8"?>
<!-- Generated by org.testng.reporters.JUnitXMLReporter -->
<testsuite ignored="0" hostname="DESKTOP-K9D9VH2" failures="0" tests="8" name="Test" time="82.209" errors="0" timestamp="2025-09-19T19:33:11 IST">
  <testcase classname="testCases.TC001_AccountRegistrationTest" name="Verify_Account_Registration" time="2.544"/>
  <testcase classname="testCases.TC002_LoginTest" name="logintest" time="4.147"/>
  <testcase classname="testCases.TC003_LoginDDT" name="verify_loginDDT" time="4.981"/>
  <testcase classname="testCases.TC003_LoginDDT" name="verify_loginDDT" time="14.666"/>
  <testcase classname="testCases.TC003_LoginDDT" name="verify_loginDDT" time="13.747"/>
  <testcase classname="testCases.TC003_LoginDDT" name="verify_loginDDT" time="13.713"/>
  <testcase classname="testCases.TC003_LoginDDT" name="verify_loginDDT" time="4.85"/>
  <testcase classname="testCases.TC003_LoginDDT" name="verify_loginDDT" time="13.699"/>
</testsuite> <!-- Test -->
