<?xml version="1.0" encoding="UTF-8"?>
<!-- Generated by org.testng.reporters.JUnitXMLReporter -->
<testsuite ignored="0" hostname="DESKTOP-K9D9VH2" failures="1" tests="2" name="Test" time="24.143" errors="0" timestamp="2025-09-13T02:24:26 IST">
  <testcase classname="testCases.TC001_AccountRegistrationTest" name="Verify_Account_Registration" time="2.542"/>
  <testcase classname="testCases.TC002_LoginTest" name="logintest" time="13.951">
    <failure type="java.lang.AssertionError" message="expected [true] but found [false]">
      <![CDATA[java.lang.AssertionError: expected [true] but found [false]
at testCases.TC002_LoginTest.logintest(TC002_LoginTest.java:62)
at java.base/java.util.ArrayList.forEach(ArrayList.java:1596)
... Removed 29 stack frames]]>
    </failure>
  </testcase> <!-- logintest -->
</testsuite> <!-- Test -->
