<?xml version="1.0" encoding="UTF-8"?>
<testsuite xmlns:xsi="http://www.w3.org/2001/XMLSchema-instance" xsi:noNamespaceSchemaLocation="https://maven.apache.org/surefire/maven-surefire-plugin/xsd/surefire-test-report.xsd" version="3.0.2" name="TestSuite" time="84.702" tests="8" errors="0" skipped="0" failures="0">
  <properties>
[...]
</properties>
  <testcase name="Verify_Account_Registration" classname="testCases.TC001_AccountRegistrationTest" time="2.554">
    <system-out><![CDATA[19:31:51.412 [main] INFO  testCases.TC001_AccountRegistrationTest - ***** Starting TC001_AccountRegistrationTest *****
19:31:51.882 [main] INFO  testCases.TC001_AccountRegistrationTest - Clicked on Myaccount Link 
19:31:52.337 [main] INFO  testCases.TC001_AccountRegistrationTest - Clicked on Register Link 
19:31:52.339 [main] INFO  testCases.TC001_AccountRegistrationTest - Providing customer details...
19:31:53.907 [main] INFO  testCases.TC001_AccountRegistrationTest - Validating expected message..
19:31:53.953 [main] INFO  testCases.TC001_AccountRegistrationTest - *****Finished TC001_AccountRegistrationTest *****
]]></system-out>
    <system-err><![CDATA[Sept 19, 2025 7:31:49 PM org.openqa.selenium.devtools.CdpVersionFinder findNearestMatch
WARNING: Unable to find an exact match for CDP version 140, returning the closest version; found: 139; Please update to a Selenium version that supports CDP version 140
]]></system-err>
  </testcase>
  <testcase name="logintest" classname="testCases.TC002_LoginTest" time="4.147">
    <system-out><![CDATA[19:31:56.339 [main] INFO  testCases.TC002_LoginTest - ***** Starting TC002_LoginTest *****
19:31:56.339 [main] INFO  testCases.TC002_LoginTest - Clicked on Myaccount Link 
19:31:56.725 [main] INFO  testCases.TC002_LoginTest - Clicked on Login Link
19:31:57.083 [main] INFO  testCases.TC002_LoginTest - providing the login email and password in Login Page
19:32:00.445 [main] INFO  testCases.TC002_LoginTest - Below validating expected message
19:32:00.486 [main] INFO  testCases.TC002_LoginTest - *****Finished TC002_LoginTest *****
]]></system-out>
    <system-err><![CDATA[Sept 19, 2025 7:31:55 PM org.openqa.selenium.devtools.CdpVersionFinder findNearestMatch
WARNING: Unable to find an exact match for CDP version 140, returning the closest version; found: 139; Please update to a Selenium version that supports CDP version 140
]]></system-err>
  </testcase>
  <testcase name="verify_loginDDT[pavantest12345@gmail.com, test@123, Valid](1)" classname="testCases.TC003_LoginDDT" time="4.981">
    <system-out><![CDATA[19:32:04.447 [main] INFO  testCases.TC003_LoginDDT - *****Starting TC003_LoginDDT *****
19:32:09.428 [main] INFO  testCases.TC003_LoginDDT - *****Finished TC003_LoginDDT *****
]]></system-out>
    <system-err><![CDATA[Sept 19, 2025 7:32:01 PM org.openqa.selenium.devtools.CdpVersionFinder findNearestMatch
WARNING: Unable to find an exact match for CDP version 140, returning the closest version; found: 139; Please update to a Selenium version that supports CDP version 140
]]></system-err>
  </testcase>
  <testcase name="verify_loginDDT[lakshmi@yahoo.com, laxmi, Invalid](2)" classname="testCases.TC003_LoginDDT" time="14.663">
    <system-out><![CDATA[19:32:09.428 [main] INFO  testCases.TC003_LoginDDT - *****Starting TC003_LoginDDT *****
19:32:24.094 [main] INFO  testCases.TC003_LoginDDT - *****Finished TC003_LoginDDT *****
]]></system-out>
  </testcase>
  <testcase name="verify_loginDDT[laksh@yahoo.com, lakshmi, Invalid](3)" classname="testCases.TC003_LoginDDT" time="13.745">
    <system-out><![CDATA[19:32:24.100 [main] INFO  testCases.TC003_LoginDDT - *****Starting TC003_LoginDDT *****
19:32:37.845 [main] INFO  testCases.TC003_LoginDDT - *****Finished TC003_LoginDDT *****
]]></system-out>
  </testcase>
  <testcase name="verify_loginDDT[laks@yahoo.com, xyz, Invalid](4)" classname="testCases.TC003_LoginDDT" time="13.717">
    <system-out><![CDATA[19:32:37.845 [main] INFO  testCases.TC003_LoginDDT - *****Starting TC003_LoginDDT *****
19:32:51.558 [main] INFO  testCases.TC003_LoginDDT - *****Finished TC003_LoginDDT *****
]]></system-out>
  </testcase>
  <testcase name="verify_loginDDT[abc123@gmail.com, test@123, Valid](5)" classname="testCases.TC003_LoginDDT" time="4.848">
    <system-out><![CDATA[19:32:51.564 [main] INFO  testCases.TC003_LoginDDT - *****Starting TC003_LoginDDT *****
19:32:56.412 [main] INFO  testCases.TC003_LoginDDT - *****Finished TC003_LoginDDT *****
]]></system-out>
  </testcase>
  <testcase name="verify_loginDDT[, test@123, Invalid](6)" classname="testCases.TC003_LoginDDT" time="13.7">
    <system-out><![CDATA[19:32:56.412 [main] INFO  testCases.TC003_LoginDDT - *****Starting TC003_LoginDDT *****
19:33:10.110 [main] INFO  testCases.TC003_LoginDDT - *****Finished TC003_LoginDDT *****
]]></system-out>
  </testcase>
</testsuite>