<?xml version="1.0" encoding="UTF-8"?>
<testng-results ignored="0" total="8" passed="8" failed="0" skipped="0">
  <reporter-output>
  </reporter-output>
  <suite started-at="2025-09-19T19:31:48 IST" name="Master Suite" finished-at="2025-09-19T19:33:10 IST" duration-ms="82209">
    <groups>
      <group name="Master">
        <method signature="TC001_AccountRegistrationTest.Verify_Account_Registration()[pri:0, instance:testCases.TC001_AccountRegistrationTest@558bdf1f]" name="Verify_Account_Registration" class="testCases.TC001_AccountRegistrationTest"/>
        <method signature="TC002_LoginTest.logintest()[pri:0, instance:testCases.TC002_LoginTest@3daf7722]" name="logintest" class="testCases.TC002_LoginTest"/>
      </group> <!-- Master -->
      <group name="Sanity">
        <method signature="TC002_LoginTest.logintest()[pri:0, instance:testCases.TC002_LoginTest@3daf7722]" name="logintest" class="testCases.TC002_LoginTest"/>
      </group> <!-- Sanity -->
      <group name="DataDriven">
        <method signature="TC003_LoginDDT.verify_loginDDT(java.lang.String,java.lang.String,java.lang.String)[pri:0, instance:testCases.TC003_LoginDDT@78641d23]" name="verify_loginDDT" class="testCases.TC003_LoginDDT"/>
      </group> <!-- DataDriven -->
      <group name="Regression">
        <method signature="TC001_AccountRegistrationTest.Verify_Account_Registration()[pri:0, instance:testCases.TC001_AccountRegistrationTest@558bdf1f]" name="Verify_Account_Registration" class="testCases.TC001_AccountRegistrationTest"/>
      </group> <!-- Regression -->
    </groups>
    <test started-at="2025-09-19T19:31:48 IST" name="Test" finished-at="2025-09-19T19:33:10 IST" duration-ms="82209">
      <class name="testCases.TC002_LoginTest">
        <test-method is-config="true" signature="setup(java.lang.String,java.lang.String)[pri:0, instance:testCases.TC002_LoginTest@3daf7722]" started-at="2025-09-19T19:31:54 IST" name="setup" finished-at="2025-09-19T19:31:56 IST" duration-ms="2166" status="PASS">
          <params>
            <param index="0">
              <value>
                <![CDATA[Windows]]>
              </value>
            </param>
            <param index="1">
              <value>
                <![CDATA[chrome]]>
              </value>
            </param>
          </params>
          <reporter-output>
          </reporter-output>
        </test-method> <!-- setup -->
        <test-method signature="logintest()[pri:0, instance:testCases.TC002_LoginTest@3daf7722]" started-at="2025-09-19T19:31:56 IST" name="logintest" finished-at="2025-09-19T19:32:00 IST" duration-ms="4147" status="PASS">
          <reporter-output>
          </reporter-output>
        </test-method> <!-- logintest -->
        <test-method is-config="true" signature="teardown()[pri:0, instance:testCases.TC002_LoginTest@3daf7722]" started-at="2025-09-19T19:32:00 IST" name="teardown" finished-at="2025-09-19T19:32:00 IST" duration-ms="302" status="PASS">
          <reporter-output>
          </reporter-output>
        </test-method> <!-- teardown -->
      </class> <!-- testCases.TC002_LoginTest -->
      <class name="testCases.TC003_LoginDDT">
        <test-method is-config="true" signature="setup(java.lang.String,java.lang.String)[pri:0, instance:testCases.TC003_LoginDDT@78641d23]" started-at="2025-09-19T19:32:00 IST" name="setup" finished-at="2025-09-19T19:32:03 IST" duration-ms="2249" status="PASS">
          <params>
            <param index="0">
              <value>
                <![CDATA[Windows]]>
              </value>
            </param>
            <param index="1">
              <value>
                <![CDATA[chrome]]>
              </value>
            </param>
          </params>
          <reporter-output>
          </reporter-output>
        </test-method> <!-- setup -->
        <test-method signature="verify_loginDDT(java.lang.String,java.lang.String,java.lang.String)[pri:0, instance:testCases.TC003_LoginDDT@78641d23]" started-at="2025-09-19T19:32:04 IST" name="verify_loginDDT" data-provider="LoginData" finished-at="2025-09-19T19:32:09 IST" duration-ms="4981" status="PASS">
          <params>
            <param index="0">
              <value>
                <![CDATA[pavantest12345@gmail.com]]>
              </value>
            </param>
            <param index="1">
              <value>
                <![CDATA[test@123]]>
              </value>
            </param>
            <param index="2">
              <value>
                <![CDATA[Valid]]>
              </value>
            </param>
          </params>
          <reporter-output>
          </reporter-output>
        </test-method> <!-- verify_loginDDT -->
        <test-method signature="verify_loginDDT(java.lang.String,java.lang.String,java.lang.String)[pri:0, instance:testCases.TC003_LoginDDT@78641d23]" started-at="2025-09-19T19:32:09 IST" name="verify_loginDDT" data-provider="LoginData" finished-at="2025-09-19T19:32:24 IST" duration-ms="14666" status="PASS">
          <params>
            <param index="0">
              <value>
                <![CDATA[lakshmi@yahoo.com]]>
              </value>
            </param>
            <param index="1">
              <value>
                <![CDATA[laxmi]]>
              </value>
            </param>
            <param index="2">
              <value>
                <![CDATA[Invalid]]>
              </value>
            </param>
          </params>
          <reporter-output>
          </reporter-output>
        </test-method> <!-- verify_loginDDT -->
        <test-method signature="verify_loginDDT(java.lang.String,java.lang.String,java.lang.String)[pri:0, instance:testCases.TC003_LoginDDT@78641d23]" started-at="2025-09-19T19:32:24 IST" name="verify_loginDDT" data-provider="LoginData" finished-at="2025-09-19T19:32:37 IST" duration-ms="13747" status="PASS">
          <params>
            <param index="0">
              <value>
                <![CDATA[laksh@yahoo.com]]>
              </value>
            </param>
            <param index="1">
              <value>
                <![CDATA[lakshmi]]>
              </value>
            </param>
            <param index="2">
              <value>
                <![CDATA[Invalid]]>
              </value>
            </param>
          </params>
          <reporter-output>
          </reporter-output>
        </test-method> <!-- verify_loginDDT -->
        <test-method signature="verify_loginDDT(java.lang.String,java.lang.String,java.lang.String)[pri:0, instance:testCases.TC003_LoginDDT@78641d23]" started-at="2025-09-19T19:32:37 IST" name="verify_loginDDT" data-provider="LoginData" finished-at="2025-09-19T19:32:51 IST" duration-ms="13713" status="PASS">
          <params>
            <param index="0">
              <value>
                <![CDATA[laks@yahoo.com]]>
              </value>
            </param>
            <param index="1">
              <value>
                <![CDATA[xyz]]>
              </value>
            </param>
            <param index="2">
              <value>
                <![CDATA[Invalid]]>
              </value>
            </param>
          </params>
          <reporter-output>
          </reporter-output>
        </test-method> <!-- verify_loginDDT -->
        <test-method signature="verify_loginDDT(java.lang.String,java.lang.String,java.lang.String)[pri:0, instance:testCases.TC003_LoginDDT@78641d23]" started-at="2025-09-19T19:32:51 IST" name="verify_loginDDT" data-provider="LoginData" finished-at="2025-09-19T19:32:56 IST" duration-ms="4850" status="PASS">
          <params>
            <param index="0">
              <value>
                <![CDATA[abc123@gmail.com]]>
              </value>
            </param>
            <param index="1">
              <value>
                <![CDATA[test@123]]>
              </value>
            </param>
            <param index="2">
              <value>
                <![CDATA[Valid]]>
              </value>
            </param>
          </params>
          <reporter-output>
          </reporter-output>
        </test-method> <!-- verify_loginDDT -->
        <test-method signature="verify_loginDDT(java.lang.String,java.lang.String,java.lang.String)[pri:0, instance:testCases.TC003_LoginDDT@78641d23]" started-at="2025-09-19T19:32:56 IST" name="verify_loginDDT" data-provider="LoginData" finished-at="2025-09-19T19:33:10 IST" duration-ms="13699" status="PASS">
          <params>
            <param index="0">
              <value>
                <![CDATA[]]>
              </value>
            </param>
            <param index="1">
              <value>
                <![CDATA[test@123]]>
              </value>
            </param>
            <param index="2">
              <value>
                <![CDATA[Invalid]]>
              </value>
            </param>
          </params>
          <reporter-output>
          </reporter-output>
        </test-method> <!-- verify_loginDDT -->
        <test-method is-config="true" signature="teardown()[pri:0, instance:testCases.TC003_LoginDDT@78641d23]" started-at="2025-09-19T19:33:10 IST" name="teardown" finished-at="2025-09-19T19:33:10 IST" duration-ms="254" status="PASS">
          <reporter-output>
          </reporter-output>
        </test-method> <!-- teardown -->
      </class> <!-- testCases.TC003_LoginDDT -->
      <class name="testCases.TC001_AccountRegistrationTest">
        <test-method is-config="true" signature="setup(java.lang.String,java.lang.String)[pri:0, instance:testCases.TC001_AccountRegistrationTest@558bdf1f]" started-at="2025-09-19T19:31:48 IST" name="setup" finished-at="2025-09-19T19:31:51 IST" duration-ms="2968" status="PASS">
          <params>
            <param index="0">
              <value>
                <![CDATA[Windows]]>
              </value>
            </param>
            <param index="1">
              <value>
                <![CDATA[chrome]]>
              </value>
            </param>
          </params>
          <reporter-output>
          </reporter-output>
        </test-method> <!-- setup -->
        <test-method signature="Verify_Account_Registration()[pri:0, instance:testCases.TC001_AccountRegistrationTest@558bdf1f]" started-at="2025-09-19T19:31:51 IST" name="Verify_Account_Registration" finished-at="2025-09-19T19:31:53 IST" duration-ms="2544" status="PASS">
          <reporter-output>
          </reporter-output>
        </test-method> <!-- Verify_Account_Registration -->
        <test-method is-config="true" signature="teardown()[pri:0, instance:testCases.TC001_AccountRegistrationTest@558bdf1f]" started-at="2025-09-19T19:31:53 IST" name="teardown" finished-at="2025-09-19T19:31:54 IST" duration-ms="205" status="PASS">
          <reporter-output>
          </reporter-output>
        </test-method> <!-- teardown -->
      </class> <!-- testCases.TC001_AccountRegistrationTest -->
    </test> <!-- Test -->
  </suite> <!-- Master Suite -->
</testng-results>
